This file contains any messages produced by compilers while
running configure, to aid debugging if configure makes a mistake.

It was created by BTstack configure 0.1, which was
generated by GNU Autoconf 2.68.  Invocation command line was

  $ ./configure 

## --------- ##
## Platform. ##
## --------- ##

hostname = marvin
uname -m = i686
uname -r = 3.2.0-74-generic-pae
uname -s = Linux
uname -v = #109-Ubuntu SMP Tue Dec 9 17:00:00 UTC 2014

/usr/bin/uname -p = unknown
/bin/uname -X     = unknown

/bin/arch              = unknown
/usr/bin/arch -k       = unknown
/usr/convex/getsysinfo = unknown
/usr/bin/hostinfo      = unknown
/bin/machine           = unknown
/usr/bin/oslevel       = unknown
/bin/universe          = unknown

PATH: /usr/local/bin
PATH: /usr/bin
PATH: /bin
PATH: /usr/games
PATH: /sbin


## ----------- ##
## Core tests. ##
## ----------- ##

configure:1947: checking for a BSD-compatible install
configure:2015: result: /usr/bin/install -c
configure:2026: checking whether build environment is sane
configure:2076: result: yes
configure:2217: checking for a thread-safe mkdir -p
configure:2256: result: /bin/mkdir -p
configure:2269: checking for gawk
configure:2285: found /usr/bin/gawk
configure:2296: result: gawk
configure:2307: checking whether make sets $(MAKE)
configure:2329: result: yes
configure:2470: checking build system type
configure:2484: result: i686-pc-linux-gnu
configure:2504: checking host system type
configure:2517: result: i686-pc-linux-gnu
configure:2587: checking for gcc
configure:2603: found /usr/bin/gcc
configure:2614: result: gcc
configure:2843: checking for C compiler version
configure:2852: gcc --version >&5
gcc (Ubuntu/Linaro 4.6.3-1ubuntu5) 4.6.3
Copyright (C) 2011 Free Software Foundation, Inc.
This is free software; see the source for copying conditions.  There is NO
warranty; not even for MERCHANTABILITY or FITNESS FOR A PARTICULAR PURPOSE.

configure:2863: $? = 0
configure:2852: gcc -v >&5
Using built-in specs.
COLLECT_GCC=gcc
COLLECT_LTO_WRAPPER=/usr/lib/gcc/i686-linux-gnu/4.6/lto-wrapper
Target: i686-linux-gnu
Configured with: ../src/configure -v --with-pkgversion='Ubuntu/Linaro 4.6.3-1ubuntu5' --with-bugurl=file:///usr/share/doc/gcc-4.6/README.Bugs --enable-languages=c,c++,fortran,objc,obj-c++ --prefix=/usr --program-suffix=-4.6 --enable-shared --enable-linker-build-id --with-system-zlib --libexecdir=/usr/lib --without-included-gettext --enable-threads=posix --with-gxx-include-dir=/usr/include/c++/4.6 --libdir=/usr/lib --enable-nls --with-sysroot=/ --enable-clocale=gnu --enable-libstdcxx-debug --enable-libstdcxx-time=yes --enable-gnu-unique-object --enable-plugin --enable-objc-gc --enable-targets=all --disable-werror --with-arch-32=i686 --with-tune=generic --enable-checking=release --build=i686-linux-gnu --host=i686-linux-gnu --target=i686-linux-gnu
Thread model: posix
gcc version 4.6.3 (Ubuntu/Linaro 4.6.3-1ubuntu5) 
configure:2863: $? = 0
configure:2852: gcc -V >&5
gcc: error: unrecognized option '-V'
gcc: fatal error: no input files
compilation terminated.
configure:2863: $? = 4
configure:2852: gcc -qversion >&5
gcc: error: unrecognized option '-qversion'
gcc: fatal error: no input files
compilation terminated.
configure:2863: $? = 4
configure:2883: checking whether the C compiler works
configure:2905: gcc    conftest.c  >&5
configure:2909: $? = 0
configure:2957: result: yes
configure:2960: checking for C compiler default output file name
configure:2962: result: a.out
configure:2968: checking for suffix of executables
configure:2975: gcc -o conftest    conftest.c  >&5
configure:2979: $? = 0
configure:3001: result: 
configure:3023: checking whether we are cross compiling
configure:3031: gcc -o conftest    conftest.c  >&5
configure:3035: $? = 0
configure:3042: ./conftest
configure:3046: $? = 0
configure:3061: result: no
configure:3066: checking for suffix of object files
configure:3088: gcc -c   conftest.c >&5
configure:3092: $? = 0
configure:3113: result: o
configure:3117: checking whether we are using the GNU C compiler
configure:3136: gcc -c   conftest.c >&5
configure:3136: $? = 0
configure:3145: result: yes
configure:3154: checking whether gcc accepts -g
configure:3174: gcc -c -g  conftest.c >&5
configure:3174: $? = 0
configure:3215: result: yes
configure:3232: checking for gcc option to accept ISO C89
configure:3296: gcc  -c -g -O2  conftest.c >&5
configure:3296: $? = 0
configure:3309: result: none needed
configure:3340: checking for style of include used by make
configure:3368: result: GNU
configure:3394: checking dependency style of gcc
configure:3505: result: none
configure:3525: checking how to run the C preprocessor
configure:3556: gcc -E  conftest.c
configure:3556: $? = 0
configure:3570: gcc -E  conftest.c
conftest.c:11:28: fatal error: ac_nonexistent.h: No such file or directory
compilation terminated.
configure:3570: $? = 1
configure: failed program was:
| /* confdefs.h */
| #define PACKAGE_NAME "BTstack"
| #define PACKAGE_TARNAME "btstack"
| #define PACKAGE_VERSION "0.1"
| #define PACKAGE_STRING "BTstack 0.1"
| #define PACKAGE_BUGREPORT ""
| #define PACKAGE_URL ""
| #define PACKAGE "btstack"
| #define VERSION "0.1"
| /* end confdefs.h.  */
| #include <ac_nonexistent.h>
configure:3595: result: gcc -E
configure:3615: gcc -E  conftest.c
configure:3615: $? = 0
configure:3629: gcc -E  conftest.c
conftest.c:11:28: fatal error: ac_nonexistent.h: No such file or directory
compilation terminated.
configure:3629: $? = 1
configure: failed program was:
| /* confdefs.h */
| #define PACKAGE_NAME "BTstack"
| #define PACKAGE_TARNAME "btstack"
| #define PACKAGE_VERSION "0.1"
| #define PACKAGE_STRING "BTstack 0.1"
| #define PACKAGE_BUGREPORT ""
| #define PACKAGE_URL ""
| #define PACKAGE "btstack"
| #define VERSION "0.1"
| /* end confdefs.h.  */
| #include <ac_nonexistent.h>
configure:3711: checking for gcc
configure:3727: found /usr/bin/gcc
configure:3738: result: gcc
configure:3763: checking for Objective C compiler version
configure:3772: gcc --version >&5
gcc (Ubuntu/Linaro 4.6.3-1ubuntu5) 4.6.3
Copyright (C) 2011 Free Software Foundation, Inc.
This is free software; see the source for copying conditions.  There is NO
warranty; not even for MERCHANTABILITY or FITNESS FOR A PARTICULAR PURPOSE.

configure:3783: $? = 0
configure:3772: gcc -v >&5
Using built-in specs.
COLLECT_GCC=gcc
COLLECT_LTO_WRAPPER=/usr/lib/gcc/i686-linux-gnu/4.6/lto-wrapper
Target: i686-linux-gnu
Configured with: ../src/configure -v --with-pkgversion='Ubuntu/Linaro 4.6.3-1ubuntu5' --with-bugurl=file:///usr/share/doc/gcc-4.6/README.Bugs --enable-languages=c,c++,fortran,objc,obj-c++ --prefix=/usr --program-suffix=-4.6 --enable-shared --enable-linker-build-id --with-system-zlib --libexecdir=/usr/lib --without-included-gettext --enable-threads=posix --with-gxx-include-dir=/usr/include/c++/4.6 --libdir=/usr/lib --enable-nls --with-sysroot=/ --enable-clocale=gnu --enable-libstdcxx-debug --enable-libstdcxx-time=yes --enable-gnu-unique-object --enable-plugin --enable-objc-gc --enable-targets=all --disable-werror --with-arch-32=i686 --with-tune=generic --enable-checking=release --build=i686-linux-gnu --host=i686-linux-gnu --target=i686-linux-gnu
Thread model: posix
gcc version 4.6.3 (Ubuntu/Linaro 4.6.3-1ubuntu5) 
configure:3783: $? = 0
configure:3772: gcc -V >&5
gcc: error: unrecognized option '-V'
gcc: fatal error: no input files
compilation terminated.
configure:3783: $? = 4
configure:3772: gcc -qversion >&5
gcc: error: unrecognized option '-qversion'
gcc: fatal error: no input files
compilation terminated.
configure:3783: $? = 4
configure:3787: checking whether we are using the GNU Objective C compiler
configure:3806: gcc -c   conftest.m >&5
gcc: error trying to exec 'cc1obj': execvp: No such file or directory
configure:3806: $? = 1
configure: failed program was:
| /* confdefs.h */
| #define PACKAGE_NAME "BTstack"
| #define PACKAGE_TARNAME "btstack"
| #define PACKAGE_VERSION "0.1"
| #define PACKAGE_STRING "BTstack 0.1"
| #define PACKAGE_BUGREPORT ""
| #define PACKAGE_URL ""
| #define PACKAGE "btstack"
| #define VERSION "0.1"
| /* end confdefs.h.  */
| 
| int
| main ()
| {
| #ifndef __GNUC__
|        choke me
| #endif
| 
|   ;
|   return 0;
| }
configure:3815: result: no
configure:3824: checking whether gcc accepts -g
configure:3844: gcc -c -g  conftest.m >&5
gcc: error trying to exec 'cc1obj': execvp: No such file or directory
configure:3844: $? = 1
configure: failed program was:
| /* confdefs.h */
| #define PACKAGE_NAME "BTstack"
| #define PACKAGE_TARNAME "btstack"
| #define PACKAGE_VERSION "0.1"
| #define PACKAGE_STRING "BTstack 0.1"
| #define PACKAGE_BUGREPORT ""
| #define PACKAGE_URL ""
| #define PACKAGE "btstack"
| #define VERSION "0.1"
| /* end confdefs.h.  */
| 
| int
| main ()
| {
| 
|   ;
|   return 0;
| }
configure:3859: gcc -c   conftest.m >&5
gcc: error trying to exec 'cc1obj': execvp: No such file or directory
configure:3859: $? = 1
configure: failed program was:
| /* confdefs.h */
| #define PACKAGE_NAME "BTstack"
| #define PACKAGE_TARNAME "btstack"
| #define PACKAGE_VERSION "0.1"
| #define PACKAGE_STRING "BTstack 0.1"
| #define PACKAGE_BUGREPORT ""
| #define PACKAGE_URL ""
| #define PACKAGE "btstack"
| #define VERSION "0.1"
| /* end confdefs.h.  */
| 
| int
| main ()
| {
| 
|   ;
|   return 0;
| }
configure:3875: gcc -c -g  conftest.m >&5
gcc: error trying to exec 'cc1obj': execvp: No such file or directory
configure:3875: $? = 1
configure: failed program was:
| /* confdefs.h */
| #define PACKAGE_NAME "BTstack"
| #define PACKAGE_TARNAME "btstack"
| #define PACKAGE_VERSION "0.1"
| #define PACKAGE_STRING "BTstack 0.1"
| #define PACKAGE_BUGREPORT ""
| #define PACKAGE_URL ""
| #define PACKAGE "btstack"
| #define VERSION "0.1"
| /* end confdefs.h.  */
| 
| int
| main ()
| {
| 
|   ;
|   return 0;
| }
configure:3885: result: no
configure:3910: checking dependency style of gcc
configure:4019: result: none
configure:4035: checking whether ln -s works
configure:4039: result: yes
configure:4046: checking whether make sets $(MAKE)
configure:4068: result: yes
configure:4611: creating ./config.status

## ---------------------- ##
## Running config.status. ##
## ---------------------- ##

This file was extended by BTstack config.status 0.1, which was
generated by GNU Autoconf 2.68.  Invocation command line was

  CONFIG_FILES    = 
  CONFIG_HEADERS  = 
  CONFIG_LINKS    = 
  CONFIG_COMMANDS = 
  $ ./config.status 

on marvin

config.status:812: creating Makefile
config.status:812: creating platforms/posix/src/Makefile
config.status:812: creating example/daemon/Makefile
config.status:984: executing depfiles commands

## ---------------- ##
## Cache variables. ##
## ---------------- ##

ac_cv_build=i686-pc-linux-gnu
ac_cv_c_compiler_gnu=yes
ac_cv_env_CC_set=
ac_cv_env_CC_value=
ac_cv_env_CFLAGS_set=
ac_cv_env_CFLAGS_value=
ac_cv_env_CPPFLAGS_set=
ac_cv_env_CPPFLAGS_value=
ac_cv_env_CPP_set=
ac_cv_env_CPP_value=
ac_cv_env_LDFLAGS_set=
ac_cv_env_LDFLAGS_value=
ac_cv_env_LIBS_set=
ac_cv_env_LIBS_value=
ac_cv_env_LIBUSB_CFLAGS_set=
ac_cv_env_LIBUSB_CFLAGS_value=
ac_cv_env_LIBUSB_LIBS_set=
ac_cv_env_LIBUSB_LIBS_value=
ac_cv_env_OBJCFLAGS_set=
ac_cv_env_OBJCFLAGS_value=
ac_cv_env_OBJC_set=
ac_cv_env_OBJC_value=
ac_cv_env_PKG_CONFIG_set=
ac_cv_env_PKG_CONFIG_value=
ac_cv_env_build_alias_set=
ac_cv_env_build_alias_value=
ac_cv_env_host_alias_set=
ac_cv_env_host_alias_value=
ac_cv_env_target_alias_set=
ac_cv_env_target_alias_value=
ac_cv_host=i686-pc-linux-gnu
ac_cv_objc_compiler_gnu=no
ac_cv_objext=o
ac_cv_path_install='/usr/bin/install -c'
ac_cv_path_mkdir=/bin/mkdir
ac_cv_prog_AWK=gawk
ac_cv_prog_CPP='gcc -E'
ac_cv_prog_ac_ct_CC=gcc
ac_cv_prog_ac_ct_OBJC=gcc
ac_cv_prog_cc_c89=
ac_cv_prog_cc_g=yes
ac_cv_prog_make_make_set=yes
ac_cv_prog_objc_g=no
am_cv_CC_dependencies_compiler_type=none
am_cv_OBJC_dependencies_compiler_type=none

## ----------------- ##
## Output variables. ##
## ----------------- ##

ACLOCAL='${SHELL} /home/marvin/study/btstack/trunk/config/missing --run aclocal-1.11'
AMDEPBACKSLASH='\'
AMDEP_FALSE='#'
AMDEP_TRUE=''
AMTAR='$${TAR-tar}'
AUTOCONF='${SHELL} /home/marvin/study/btstack/trunk/config/missing --run autoconf'
AUTOHEADER='${SHELL} /home/marvin/study/btstack/trunk/config/missing --run autoheader'
AUTOMAKE='${SHELL} /home/marvin/study/btstack/trunk/config/missing --run automake-1.11'
AWK='gawk'
BTSTACK_LIB_EXTENSION='so'
BTSTACK_LIB_LDFLAGS='-shared -Wl,-rpath,$(prefix)/lib'
CC='gcc'
CCDEPMODE='depmode=none'
CFLAGS='-g -O2 -Werror -Wall -Wpointer-arith'
CPP='gcc -E'
CPPFLAGS=''
CYGPATH_W='echo'
DEFS='-DPACKAGE_NAME=\"BTstack\" -DPACKAGE_TARNAME=\"btstack\" -DPACKAGE_VERSION=\"0.1\" -DPACKAGE_STRING=\"BTstack\ 0.1\" -DPACKAGE_BUGREPORT=\"\" -DPACKAGE_URL=\"\" -DPACKAGE=\"btstack\" -DVERSION=\"0.1\"'
DEPDIR='.deps'
ECHO_C=''
ECHO_N='-n'
ECHO_T=''
EXEEXT=''
HAVE_LIBUSB=''
HAVE_LIBUSB_FALSE=''
HAVE_LIBUSB_TRUE='#'
INSTALL_DATA='${INSTALL} -m 644'
INSTALL_PROGRAM='${INSTALL}'
INSTALL_SCRIPT='${INSTALL}'
INSTALL_STRIP_PROGRAM='$(install_sh) -c -s'
LDFLAGS=''
LIBOBJS=''
LIBS=''
LIBUSB_CFLAGS=''
LIBUSB_LDFLAGS=''
LIBUSB_LIBS=''
LN_S='ln -s'
LTLIBOBJS=''
MAKEINFO='${SHELL} /home/marvin/study/btstack/trunk/config/missing --run makeinfo'
MKDIR_P='/bin/mkdir -p'
OBJC='gcc'
OBJCDEPMODE='depmode=none'
OBJCFLAGS=''
OBJEXT='o'
PACKAGE='btstack'
PACKAGE_BUGREPORT=''
PACKAGE_NAME='BTstack'
PACKAGE_STRING='BTstack 0.1'
PACKAGE_TARNAME='btstack'
PACKAGE_URL=''
PACKAGE_VERSION='0.1'
PATH_SEPARATOR=':'
PKG_CONFIG=''
REMOTE_DEVICE_DB_SOURCES='../../..//src/remote_device_db_memory.c'
RUN_LOOP_SOURCES='../../..//platforms/posix/src/run_loop_posix.c'
SET_MAKE=''
SHELL='/bin/bash'
STRIP=''
USB_SOURCES=''
USE_POWERMANAGEMENT_FALSE='#'
USE_POWERMANAGEMENT_TRUE=''
VERSION='0.1'
ac_ct_CC='gcc'
ac_ct_OBJC='gcc'
am__EXEEXT_FALSE=''
am__EXEEXT_TRUE='#'
am__fastdepCC_FALSE=''
am__fastdepCC_TRUE='#'
am__fastdepOBJC_FALSE=''
am__fastdepOBJC_TRUE='#'
am__include='include'
am__isrc=''
am__leading_dot='.'
am__nodep='_no'
am__quote=''
am__tar='$${TAR-tar} chof - "$$tardir"'
am__untar='$${TAR-tar} xf -'
bindir='${exec_prefix}/bin'
build='i686-pc-linux-gnu'
build_alias=''
build_cpu='i686'
build_os='linux-gnu'
build_vendor='pc'
datadir='${datarootdir}'
datarootdir='${prefix}/share'
docdir='${datarootdir}/doc/${PACKAGE_TARNAME}'
dvidir='${docdir}'
exec_prefix='${prefix}'
host='i686-pc-linux-gnu'
host_alias=''
host_cpu='i686'
host_os='linux-gnu'
host_vendor='pc'
htmldir='${docdir}'
includedir='${prefix}/include'
infodir='${datarootdir}/info'
install_sh='${SHELL} /home/marvin/study/btstack/trunk/config/install-sh'
libdir='${exec_prefix}/lib'
libexecdir='${exec_prefix}/libexec'
localedir='${datarootdir}/locale'
localstatedir='${prefix}/var'
mandir='${datarootdir}/man'
mkdir_p='/bin/mkdir -p'
oldincludedir='/usr/include'
pdfdir='${docdir}'
prefix='/usr/local'
program_transform_name='s,x,x,'
psdir='${docdir}'
sbindir='${exec_prefix}/sbin'
sharedstatedir='${prefix}/com'
sysconfdir='${prefix}/etc'
target_alias=''

## ----------- ##
## confdefs.h. ##
## ----------- ##

/* confdefs.h */
#define PACKAGE_NAME "BTstack"
#define PACKAGE_TARNAME "btstack"
#define PACKAGE_VERSION "0.1"
#define PACKAGE_STRING "BTstack 0.1"
#define PACKAGE_BUGREPORT ""
#define PACKAGE_URL ""
#define PACKAGE "btstack"
#define VERSION "0.1"

configure: exit 0
